[07-Dec-2018 13:33:27 UTC] PHP Parse error:  syntax error, unexpected ';' in /var/www/html/ocooking/content/themes/ocooking/header.php on line 8
[07-Dec-2018 13:49:34 UTC] PHP Warning:  call_user_func_array() expects parameter 1 to be a valid callback, function 'ocooking_scripts' not found or invalid function name in /var/www/html/ocooking/wp/wp-includes/class-wp-hook.php on line 286
[07-Dec-2018 20:05:58 UTC] PHP Parse error:  syntax error, unexpected 'function__construct' (T_STRING), expecting variable (T_VARIABLE) in /var/www/html/ocooking/content/plugins/ocooking-settings/includes/class-custom-post-type-recipe.php on line 5
[07-Dec-2018 20:05:58 UTC] PHP Parse error:  syntax error, unexpected 'function__construct' (T_STRING), expecting variable (T_VARIABLE) in /var/www/html/ocooking/content/plugins/ocooking-settings/includes/class-custom-post-type-recipe.php on line 5
[07-Dec-2018 20:05:58 UTC] PHP Parse error:  syntax error, unexpected 'function__construct' (T_STRING), expecting variable (T_VARIABLE) in /var/www/html/ocooking/content/plugins/ocooking-settings/includes/class-custom-post-type-recipe.php on line 5
[10-Dec-2018 09:34:24 UTC] PHP Parse error:  syntax error, unexpected 'function__construct' (T_STRING), expecting variable (T_VARIABLE) in /var/www/html/ocooking/content/plugins/ocooking-settings/includes/class-custom-post-type-recipe.php on line 6
[10-Dec-2018 09:34:24 UTC] PHP Parse error:  syntax error, unexpected 'function__construct' (T_STRING), expecting variable (T_VARIABLE) in /var/www/html/ocooking/content/plugins/ocooking-settings/includes/class-custom-post-type-recipe.php on line 6
[10-Dec-2018 09:34:24 UTC] PHP Parse error:  syntax error, unexpected 'function__construct' (T_STRING), expecting variable (T_VARIABLE) in /var/www/html/ocooking/content/plugins/ocooking-settings/includes/class-custom-post-type-recipe.php on line 6
[10-Dec-2018 09:34:27 UTC] PHP Parse error:  syntax error, unexpected 'function__construct' (T_STRING), expecting variable (T_VARIABLE) in /var/www/html/ocooking/content/plugins/ocooking-settings/includes/class-custom-post-type-recipe.php on line 6
[10-Dec-2018 09:34:27 UTC] PHP Parse error:  syntax error, unexpected 'function__construct' (T_STRING), expecting variable (T_VARIABLE) in /var/www/html/ocooking/content/plugins/ocooking-settings/includes/class-custom-post-type-recipe.php on line 6
[10-Dec-2018 09:34:27 UTC] PHP Parse error:  syntax error, unexpected 'function__construct' (T_STRING), expecting variable (T_VARIABLE) in /var/www/html/ocooking/content/plugins/ocooking-settings/includes/class-custom-post-type-recipe.php on line 6
[10-Dec-2018 09:34:31 UTC] PHP Parse error:  syntax error, unexpected 'function__construct' (T_STRING), expecting variable (T_VARIABLE) in /var/www/html/ocooking/content/plugins/ocooking-settings/includes/class-custom-post-type-recipe.php on line 6
[10-Dec-2018 09:34:32 UTC] PHP Parse error:  syntax error, unexpected 'function__construct' (T_STRING), expecting variable (T_VARIABLE) in /var/www/html/ocooking/content/plugins/ocooking-settings/includes/class-custom-post-type-recipe.php on line 6
[10-Dec-2018 09:34:32 UTC] PHP Parse error:  syntax error, unexpected 'function__construct' (T_STRING), expecting variable (T_VARIABLE) in /var/www/html/ocooking/content/plugins/ocooking-settings/includes/class-custom-post-type-recipe.php on line 6
[10-Dec-2018 09:36:06 UTC] PHP Notice:  Undefined variable: custom_post_type_recipe in /var/www/html/ocooking/content/plugins/ocooking-settings/ocooking-setting.php on line 16
[10-Dec-2018 09:36:06 UTC] PHP Notice:  Undefined variable: custom_post_type_recipe in /var/www/html/ocooking/content/plugins/ocooking-settings/ocooking-setting.php on line 21
[10-Dec-2018 09:36:06 UTC] PHP Warning:  call_user_func_array() expects parameter 1 to be a valid callback, first array member is not a valid class name or object in /var/www/html/ocooking/wp/wp-includes/class-wp-hook.php on line 286
[10-Dec-2018 09:36:06 UTC] PHP Notice:  Undefined variable: custom_post_type_recipe in /var/www/html/ocooking/content/plugins/ocooking-settings/ocooking-setting.php on line 16
[10-Dec-2018 09:36:06 UTC] PHP Notice:  Undefined variable: custom_post_type_recipe in /var/www/html/ocooking/content/plugins/ocooking-settings/ocooking-setting.php on line 21
[10-Dec-2018 09:36:16 UTC] PHP Notice:  Undefined variable: custom_post_type_recipe in /var/www/html/ocooking/content/plugins/ocooking-settings/ocooking-setting.php on line 16
[10-Dec-2018 09:36:16 UTC] PHP Notice:  Undefined variable: custom_post_type_recipe in /var/www/html/ocooking/content/plugins/ocooking-settings/ocooking-setting.php on line 21
[10-Dec-2018 09:36:26 UTC] PHP Notice:  Undefined variable: custom_post_type_recipe in /var/www/html/ocooking/content/plugins/ocooking-settings/ocooking-setting.php on line 16
[10-Dec-2018 09:36:26 UTC] PHP Notice:  Undefined variable: custom_post_type_recipe in /var/www/html/ocooking/content/plugins/ocooking-settings/ocooking-setting.php on line 21
[10-Dec-2018 09:36:26 UTC] PHP Warning:  call_user_func_array() expects parameter 1 to be a valid callback, first array member is not a valid class name or object in /var/www/html/ocooking/wp/wp-includes/class-wp-hook.php on line 286
[10-Dec-2018 09:36:26 UTC] PHP Notice:  Undefined variable: custom_post_type_recipe in /var/www/html/ocooking/content/plugins/ocooking-settings/ocooking-setting.php on line 16
[10-Dec-2018 09:36:26 UTC] PHP Notice:  Undefined variable: custom_post_type_recipe in /var/www/html/ocooking/content/plugins/ocooking-settings/ocooking-setting.php on line 21
[10-Dec-2018 09:37:27 UTC] PHP Notice:  Undefined variable: custom_post_type_recipe in /var/www/html/ocooking/content/plugins/ocooking-settings/ocooking-setting.php on line 16
[10-Dec-2018 09:37:27 UTC] PHP Notice:  Undefined variable: custom_post_type_recipe in /var/www/html/ocooking/content/plugins/ocooking-settings/ocooking-setting.php on line 21
[10-Dec-2018 09:38:28 UTC] PHP Notice:  Undefined variable: custom_post_type_recipe in /var/www/html/ocooking/content/plugins/ocooking-settings/ocooking-setting.php on line 16
[10-Dec-2018 09:38:28 UTC] PHP Notice:  Undefined variable: custom_post_type_recipe in /var/www/html/ocooking/content/plugins/ocooking-settings/ocooking-setting.php on line 21
[10-Dec-2018 09:39:36 UTC] PHP Fatal error:  Uncaught Error: Undefined class constant 'RECIPE_POST_TYPE' in /var/www/html/ocooking/content/plugins/ocooking-settings/includes/class-custom-post-type-recipe.php:44
Stack trace:
#0 /var/www/html/ocooking/wp/wp-includes/class-wp-hook.php(286): Custom_Post_Type_Recipe->init_post_type('')
#1 /var/www/html/ocooking/wp/wp-includes/class-wp-hook.php(310): WP_Hook->apply_filters(NULL, Array)
#2 /var/www/html/ocooking/wp/wp-includes/plugin.php(453): WP_Hook->do_action(Array)
#3 /var/www/html/ocooking/wp/wp-settings.php(467): do_action('init')
#4 /var/www/html/ocooking/wp-config.php(130): require_once('/var/www/html/o...')
#5 /var/www/html/ocooking/wp/wp-load.php(42): require_once('/var/www/html/o...')
#6 /var/www/html/ocooking/wp/wp-admin/admin-ajax.php(22): require_once('/var/www/html/o...')
#7 {main}
  thrown in /var/www/html/ocooking/content/plugins/ocooking-settings/includes/class-custom-post-type-recipe.php on line 44
[10-Dec-2018 09:39:40 UTC] PHP Fatal error:  Uncaught Error: Undefined class constant 'RECIPE_POST_TYPE' in /var/www/html/ocooking/content/plugins/ocooking-settings/includes/class-custom-post-type-recipe.php:44
Stack trace:
#0 /var/www/html/ocooking/wp/wp-includes/class-wp-hook.php(286): Custom_Post_Type_Recipe->init_post_type('')
#1 /var/www/html/ocooking/wp/wp-includes/class-wp-hook.php(310): WP_Hook->apply_filters(NULL, Array)
#2 /var/www/html/ocooking/wp/wp-includes/plugin.php(453): WP_Hook->do_action(Array)
#3 /var/www/html/ocooking/wp/wp-settings.php(467): do_action('init')
#4 /var/www/html/ocooking/wp-config.php(130): require_once('/var/www/html/o...')
#5 /var/www/html/ocooking/wp/wp-load.php(42): require_once('/var/www/html/o...')
#6 /var/www/html/ocooking/wp/wp-admin/admin.php(31): require_once('/var/www/html/o...')
#7 /var/www/html/ocooking/wp/wp-admin/plugins.php(10): require_once('/var/www/html/o...')
#8 {main}
  thrown in /var/www/html/ocooking/content/plugins/ocooking-settings/includes/class-custom-post-type-recipe.php on line 44
[10-Dec-2018 09:39:42 UTC] PHP Fatal error:  Uncaught Error: Undefined class constant 'RECIPE_POST_TYPE' in /var/www/html/ocooking/content/plugins/ocooking-settings/includes/class-custom-post-type-recipe.php:44
Stack trace:
#0 /var/www/html/ocooking/wp/wp-includes/class-wp-hook.php(286): Custom_Post_Type_Recipe->init_post_type('')
#1 /var/www/html/ocooking/wp/wp-includes/class-wp-hook.php(310): WP_Hook->apply_filters(NULL, Array)
#2 /var/www/html/ocooking/wp/wp-includes/plugin.php(453): WP_Hook->do_action(Array)
#3 /var/www/html/ocooking/wp/wp-settings.php(467): do_action('init')
#4 /var/www/html/ocooking/wp-config.php(130): require_once('/var/www/html/o...')
#5 /var/www/html/ocooking/wp/wp-load.php(42): require_once('/var/www/html/o...')
#6 /var/www/html/ocooking/wp/wp-admin/admin.php(31): require_once('/var/www/html/o...')
#7 /var/www/html/ocooking/wp/wp-admin/plugins.php(10): require_once('/var/www/html/o...')
#8 {main}
  thrown in /var/www/html/ocooking/content/plugins/ocooking-settings/includes/class-custom-post-type-recipe.php on line 44
[10-Dec-2018 09:40:45 UTC] PHP Warning:  call_user_func_array() expects parameter 1 to be a valid callback, class 'Custom_Post_Type_Recipe' does not have a method 'init_post_taxonomies' in /var/www/html/ocooking/wp/wp-includes/class-wp-hook.php on line 286
[10-Dec-2018 09:41:46 UTC] PHP Fatal error:  Uncaught Error: Undefined class constant 'INGREDIENT_TAXONOMY' in /var/www/html/ocooking/content/plugins/ocooking-settings/includes/class-custom-post-type-recipe.php:72
Stack trace:
#0 /var/www/html/ocooking/wp/wp-includes/class-wp-hook.php(286): Custom_Post_Type_Recipe->init_post_taxonomies('')
#1 /var/www/html/ocooking/wp/wp-includes/class-wp-hook.php(310): WP_Hook->apply_filters(NULL, Array)
#2 /var/www/html/ocooking/wp/wp-includes/plugin.php(453): WP_Hook->do_action(Array)
#3 /var/www/html/ocooking/wp/wp-settings.php(467): do_action('init')
#4 /var/www/html/ocooking/wp-config.php(130): require_once('/var/www/html/o...')
#5 /var/www/html/ocooking/wp/wp-load.php(42): require_once('/var/www/html/o...')
#6 /var/www/html/ocooking/wp/wp-admin/admin-ajax.php(22): require_once('/var/www/html/o...')
#7 {main}
  thrown in /var/www/html/ocooking/content/plugins/ocooking-settings/includes/class-custom-post-type-recipe.php on line 72
[10-Dec-2018 09:41:48 UTC] PHP Fatal error:  Uncaught Error: Undefined class constant 'INGREDIENT_TAXONOMY' in /var/www/html/ocooking/content/plugins/ocooking-settings/includes/class-custom-post-type-recipe.php:72
Stack trace:
#0 /var/www/html/ocooking/wp/wp-includes/class-wp-hook.php(286): Custom_Post_Type_Recipe->init_post_taxonomies('')
#1 /var/www/html/ocooking/wp/wp-includes/class-wp-hook.php(310): WP_Hook->apply_filters(NULL, Array)
#2 /var/www/html/ocooking/wp/wp-includes/plugin.php(453): WP_Hook->do_action(Array)
#3 /var/www/html/ocooking/wp/wp-settings.php(467): do_action('init')
#4 /var/www/html/ocooking/wp-config.php(130): require_once('/var/www/html/o...')
#5 /var/www/html/ocooking/wp/wp-load.php(42): require_once('/var/www/html/o...')
#6 /var/www/html/ocooking/wp/wp-admin/admin.php(31): require_once('/var/www/html/o...')
#7 /var/www/html/ocooking/wp/wp-admin/plugins.php(10): require_once('/var/www/html/o...')
#8 {main}
  thrown in /var/www/html/ocooking/content/plugins/ocooking-settings/includes/class-custom-post-type-recipe.php on line 72
[10-Dec-2018 09:46:26 UTC] PHP Fatal error:  Uncaught Error: Undefined class constant 'INGREDIENT_TAXONOMY' in /var/www/html/ocooking/content/plugins/ocooking-settings/includes/class-custom-post-type-recipe.php:73
Stack trace:
#0 /var/www/html/ocooking/wp/wp-includes/class-wp-hook.php(286): Custom_Post_Type_Recipe->init_taxonomies('')
#1 /var/www/html/ocooking/wp/wp-includes/class-wp-hook.php(310): WP_Hook->apply_filters(NULL, Array)
#2 /var/www/html/ocooking/wp/wp-includes/plugin.php(453): WP_Hook->do_action(Array)
#3 /var/www/html/ocooking/wp/wp-settings.php(467): do_action('init')
#4 /var/www/html/ocooking/wp-config.php(130): require_once('/var/www/html/o...')
#5 /var/www/html/ocooking/wp/wp-load.php(42): require_once('/var/www/html/o...')
#6 /var/www/html/ocooking/wp/wp-admin/admin.php(31): require_once('/var/www/html/o...')
#7 /var/www/html/ocooking/wp/wp-admin/plugins.php(10): require_once('/var/www/html/o...')
#8 {main}
  thrown in /var/www/html/ocooking/content/plugins/ocooking-settings/includes/class-custom-post-type-recipe.php on line 73
[10-Dec-2018 09:48:06 UTC] PHP Fatal error:  Uncaught Error: Undefined class constant 'TYPE_TAXONOMY' in /var/www/html/ocooking/content/plugins/ocooking-settings/includes/class-custom-post-type-recipe.php:106
Stack trace:
#0 /var/www/html/ocooking/wp/wp-includes/class-wp-hook.php(286): Custom_Post_Type_Recipe->init_taxonomies('')
#1 /var/www/html/ocooking/wp/wp-includes/class-wp-hook.php(310): WP_Hook->apply_filters(NULL, Array)
#2 /var/www/html/ocooking/wp/wp-includes/plugin.php(453): WP_Hook->do_action(Array)
#3 /var/www/html/ocooking/wp/wp-settings.php(467): do_action('init')
#4 /var/www/html/ocooking/wp-config.php(130): require_once('/var/www/html/o...')
#5 /var/www/html/ocooking/wp/wp-load.php(42): require_once('/var/www/html/o...')
#6 /var/www/html/ocooking/wp/wp-admin/admin.php(31): require_once('/var/www/html/o...')
#7 /var/www/html/ocooking/wp/wp-admin/plugins.php(10): require_once('/var/www/html/o...')
#8 {main}
  thrown in /var/www/html/ocooking/content/plugins/ocooking-settings/includes/class-custom-post-type-recipe.php on line 106
